  Camera.cpp
  CoreEngine.cpp
  OctSpatialPartition.cpp
c:\users\chris\source\repos\ooooooengine\ooooooengine\engine\core\octspatialpartition.cpp(99): warning C4244: 'argument': conversion from 'float' to 'int', possible loss of data
  EventListener.cpp
  MouseEventListener.cpp
c:\users\chris\source\repos\ooooooengine\ooooooengine\engine\event\mouseeventlistener.cpp(77): warning C4244: '=': conversion from 'T' to 'T', possible loss of data
          with
          [
              T=float
          ]
          and
          [
              T=int
          ]
c:\users\chris\source\repos\ooooooengine\ooooooengine\engine\event\mouseeventlistener.cpp(79): warning C4244: '=': conversion from 'T' to 'T', possible loss of data
          with
          [
              T=int
          ]
          and
          [
              T=float
          ]
c:\users\chris\source\repos\ooooooengine\ooooooengine\engine\event\mouseeventlistener.cpp(80): warning C4244: '=': conversion from 'T' to 'T', possible loss of data
          with
          [
              T=int
          ]
          and
          [
              T=float
          ]
c:\users\chris\source\repos\ooooooengine\ooooooengine\engine\event\mouseeventlistener.cpp(85): warning C4244: '=': conversion from 'T' to 'T', possible loss of data
          with
          [
              T=int
          ]
          and
          [
              T=float
          ]
c:\users\chris\source\repos\ooooooengine\ooooooengine\engine\event\mouseeventlistener.cpp(86): warning C4244: '=': conversion from 'T' to 'T', possible loss of data
          with
          [
              T=int
          ]
          and
          [
              T=float
          ]
  CollisionDetection.cpp
  CollisionHandler.cpp
  GameObject.cpp
  LoadModelOBJ.cpp
c:\users\chris\source\repos\ooooooengine\ooooooengine\engine\rendering\3d\loadmodelobj.cpp(144): warning C4018: '<': signed/unsigned mismatch
  Model.cpp
c:\users\chris\source\repos\ooooooengine\ooooooengine\engine\rendering\3d\model.cpp(41): warning C4018: '<': signed/unsigned mismatch
  SceneGraph.cpp
  Game1.cpp
  GameScene.cpp
  StartScene.cpp
  Main.cpp
  Generating Code...
  OooOooEngine.vcxproj -> C:\Users\chris\source\repos\OooOooEngine\Debug\OooOooEngine.exe
