e:\visual studio projects\3d-game-engine\ooooooengine\debug\vc142.pdb
e:\visual studio projects\3d-game-engine\ooooooengine\debug\vc142.idb
e:\visual studio projects\3d-game-engine\ooooooengine\debug\mouseeventlistener.obj
e:\visual studio projects\3d-game-engine\ooooooengine\debug\texturehandler.obj
e:\visual studio projects\3d-game-engine\ooooooengine\debug\shaderhandler.obj
e:\visual studio projects\3d-game-engine\ooooooengine\debug\model.obj
e:\visual studio projects\3d-game-engine\ooooooengine\debug\mesh.obj
e:\visual studio projects\3d-game-engine\ooooooengine\debug\startscene.obj
e:\visual studio projects\3d-game-engine\ooooooengine\debug\timer.obj
e:\visual studio projects\3d-game-engine\ooooooengine\debug\coreengine.obj
e:\visual studio projects\3d-game-engine\ooooooengine\debug\window.obj
e:\visual studio projects\3d-game-engine\ooooooengine\debug\main.obj
e:\visual studio projects\3d-game-engine\ooooooengine\debug\lightsource.obj
e:\visual studio projects\3d-game-engine\ooooooengine\debug\loadmodelobj.obj
e:\visual studio projects\3d-game-engine\ooooooengine\debug\game1.obj
e:\visual studio projects\3d-game-engine\ooooooengine\debug\gamescene.obj
e:\visual studio projects\3d-game-engine\ooooooengine\debug\eventlistener.obj
e:\visual studio projects\3d-game-engine\ooooooengine\debug\gameobject.obj
e:\visual studio projects\3d-game-engine\ooooooengine\debug\debuglogger.obj
e:\visual studio projects\3d-game-engine\ooooooengine\debug\camera.obj
e:\visual studio projects\3d-game-engine\ooooooengine\debug\collisiondetection.obj
e:\visual studio projects\3d-game-engine\ooooooengine\debug\collisionhandler.obj
e:\visual studio projects\3d-game-engine\ooooooengine\debug\octspatialpartition.obj
e:\visual studio projects\3d-game-engine\ooooooengine\debug\materialloader.obj
e:\visual studio projects\3d-game-engine\ooooooengine\debug\materialhandler.obj
e:\visual studio projects\3d-game-engine\ooooooengine\debug\scenegraph.obj
e:\visual studio projects\3d-game-engine\ooooooengine\debug\spritesurface.obj
e:\visual studio projects\3d-game-engine\ooooooengine\debug\guiobject.obj
e:\visual studio projects\3d-game-engine\ooooooengine\debug\guiimagecomponent.obj
e:\visual studio projects\3d-game-engine\debug\ooooooengine.exe
e:\visual studio projects\3d-game-engine\debug\ooooooengine.ilk
e:\visual studio projects\3d-game-engine\debug\ooooooengine.pdb
e:\visual studio projects\3d-game-engine\ooooooengine\debug\testcomponent.obj
e:\visual studio projects\3d-game-engine\ooooooengine\debug\ooooooengine.tlog\cl.command.1.tlog
e:\visual studio projects\3d-game-engine\ooooooengine\debug\ooooooengine.tlog\cl.read.1.tlog
e:\visual studio projects\3d-game-engine\ooooooengine\debug\ooooooengine.tlog\cl.write.1.tlog
e:\visual studio projects\3d-game-engine\ooooooengine\debug\ooooooengine.tlog\link-cvtres.read.1.tlog
e:\visual studio projects\3d-game-engine\ooooooengine\debug\ooooooengine.tlog\link-cvtres.write.1.tlog
e:\visual studio projects\3d-game-engine\ooooooengine\debug\ooooooengine.tlog\link-rc.read.1.tlog
e:\visual studio projects\3d-game-engine\ooooooengine\debug\ooooooengine.tlog\link-rc.write.1.tlog
e:\visual studio projects\3d-game-engine\ooooooengine\debug\ooooooengine.tlog\link.15792-cvtres.read.1.tlog
e:\visual studio projects\3d-game-engine\ooooooengine\debug\ooooooengine.tlog\link.15792-cvtres.write.1.tlog
e:\visual studio projects\3d-game-engine\ooooooengine\debug\ooooooengine.tlog\link.15792-rc.read.1.tlog
e:\visual studio projects\3d-game-engine\ooooooengine\debug\ooooooengine.tlog\link.15792-rc.write.1.tlog
e:\visual studio projects\3d-game-engine\ooooooengine\debug\ooooooengine.tlog\link.15792.read.1.tlog
e:\visual studio projects\3d-game-engine\ooooooengine\debug\ooooooengine.tlog\link.15792.write.1.tlog
e:\visual studio projects\3d-game-engine\ooooooengine\debug\ooooooengine.tlog\link.command.1.tlog
e:\visual studio projects\3d-game-engine\ooooooengine\debug\ooooooengine.tlog\link.read.1.tlog
e:\visual studio projects\3d-game-engine\ooooooengine\debug\ooooooengine.tlog\link.write.1.tlog
